Arguments: 
  /Users/yavda/.nvm/versions/node/v16.20.0/bin/node /opt/homebrew/Cellar/yarn/1.22.19/libexec/bin/yarn.js add default-prefers-color-scheme

PATH: 
  /Users/yavda/.nvm/versions/node/v16.20.0/bin:/Users/yavda/Library/Python/3.10/bin:/Library/Frameworks/Python.framework/Versions/3.11/bin:/opt/homebrew/bin:/opt/homebrew/sbin:/Library/Frameworks/Python.framework/Versions/3.10/bin:/Library/Frameworks/Python.framework/Versions/3.9/bin:/usr/local/bin:/usr/bin:/bin:/usr/sbin:/sbin:/Users/yavda/.nvm/versions/node/v16.20.0/bin:/Users/yavda/Library/Python/3.10/bin:/Library/Frameworks/Python.framework/Versions/3.11/bin:/opt/homebrew/bin:/opt/homebrew/sbin:/Library/Frameworks/Python.framework/Versions/3.10/bin:/Library/Frameworks/Python.framework/Versions/3.9/bin

Yarn version: 
  1.22.19

Node version: 
  16.20.0

Platform: 
  darwin arm64

Trace: 
  Error: https://registry.yarnpkg.com/default-prefers-color-scheme: Not found
      at Request.params.callback [as _callback] (/opt/homebrew/Cellar/yarn/1.22.19/libexec/lib/cli.js:66145:18)
      at Request.self.callback (/opt/homebrew/Cellar/yarn/1.22.19/libexec/lib/cli.js:140890:22)
      at Request.emit (node:events:513:28)
      at Request.<anonymous> (/opt/homebrew/Cellar/yarn/1.22.19/libexec/lib/cli.js:141862:10)
      at Request.emit (node:events:513:28)
      at IncomingMessage.<anonymous> (/opt/homebrew/Cellar/yarn/1.22.19/libexec/lib/cli.js:141784:12)
      at Object.onceWrapper (node:events:627:28)
      at IncomingMessage.emit (node:events:525:35)
      at endReadableNT (node:internal/streams/readable:1358:12)
      at processTicksAndRejections (node:internal/process/task_queues:83:21)

npm manifest: 
  {
    "name": "wii-hbguide",
    "version": "0.0.1",
    "description": "A guide for Wii homebrew",
    "main": "index.js",
    "authors": {
      "name": "javdu",
      "email": "skyybrew@gmail.com"
    },
    "repository": "https://github.com/skyybrew/wii-hbguide/wii-hbguide",
    "scripts": {
      "dev": "vuepress dev src",
      "build": "vuepress build src"
    },
    "license": "MIT",
    "devDependencies": {
      "vuepress": "^1.5.3"
    }
  }

yarn manifest: 
  No manifest

Lockfile: 
  No lockfile
